<?xml version="1.0" encoding="UTF-8"?>
<testsuite xmlns:xsi="http://www.w3.org/2001/XMLSchema-instance" xsi:noNamespaceSchemaLocation="https://maven.apache.org/surefire/maven-surefire-plugin/xsd/surefire-test-report.xsd" version="3.0.2" name="com.example.demo.RegisterApplicationTests" time="3.113" tests="1" errors="0" skipped="0" failures="0">
  <properties>
[...]
</properties>
  <testcase name="contextLoads" classname="com.example.demo.RegisterApplicationTests" time="0.671">
    <system-out><![CDATA[10:36:32.671 [main] INFO org.springframework.test.context.support.AnnotationConfigContextLoaderUtils -- Could not detect default configuration classes for test class [com.example.demo.RegisterApplicationTests]: RegisterApplicationTests does not declare any static, non-private, non-final, nested classes annotated with @Configuration.
10:36:32.800 [main] INFO org.springframework.boot.test.context.SpringBootTestContextBootstrapper -- Found @SpringBootConfiguration com.example.demo.RegisterApplication for test class com.example.demo.RegisterApplicationTests

  .   ____          _            __ _ _
 /\\ / ___'_ __ _ _(_)_ __  __ _ \ \ \ \
( ( )\___ | '_ | '_| | '_ \/ _` | \ \ \ \
 \\/  ___)| |_)| | | | | || (_| |  ) ) ) )
  '  |____| .__|_| |_|_| |_\__, | / / / /
 =========|_|==============|___/=/_/_/_/

 :: Spring Boot ::                (v3.5.0)

2025-06-21T10:36:33.351+05:30  INFO 11832 --- [           main] c.example.demo.RegisterApplicationTests  : Starting RegisterApplicationTests using Java 22.0.2 with PID 11832 (started by Rajan in D:\siva\demo)
2025-06-21T10:36:33.353+05:30  INFO 11832 --- [           main] c.example.demo.RegisterApplicationTests  : No active profile set, falling back to 1 default profile: "default"
2025-06-21T10:36:34.597+05:30  WARN 11832 --- [           main] .s.s.UserDetailsServiceAutoConfiguration : 

Using generated security password: b53b02f1-388b-435d-abfc-8c7effbe9b38

This generated password is for development use only. Your security configuration must be updated before running your application in production.

2025-06-21T10:36:34.603+05:30  INFO 11832 --- [           main] r$InitializeUserDetailsManagerConfigurer : Global AuthenticationManager configured with UserDetailsService bean with name inMemoryUserDetailsManager
2025-06-21T10:36:34.946+05:30  INFO 11832 --- [           main] c.example.demo.RegisterApplicationTests  : Started RegisterApplicationTests in 2.004 seconds (process running for 3.513)
]]></system-out>
    <system-err><![CDATA[Mockito is currently self-attaching to enable the inline-mock-maker. This will no longer work in future releases of the JDK. Please add Mockito as an agent to your build as described in Mockito's documentation: https://javadoc.io/doc/org.mockito/mockito-core/latest/org.mockito/org/mockito/Mockito.html#0.3
WARNING: A Java agent has been loaded dynamically (C:\Users\Rajan\.m2\repository\net\bytebuddy\byte-buddy-agent\1.17.5\byte-buddy-agent-1.17.5.jar)
WARNING: If a serviceability tool is in use, please run with -XX:+EnableDynamicAgentLoading to hide this warning
WARNING: If a serviceability tool is not in use, please run with -Djdk.instrument.traceUsage for more information
WARNING: Dynamic loading of agents will be disallowed by default in a future release
]]></system-err>
  </testcase>
</testsuite>